<?xml version="1.0" encoding="UTF-8"?>
<testsuite name="cz.cvut.fit.jelinkry.semestralka.SemestralkaApplicationTests" tests="1" skipped="0" failures="0" errors="0" timestamp="2023-12-30T11:46:21" hostname="debian-dell" time="2.278">
  <properties/>
  <testcase name="contextLoads()" classname="cz.cvut.fit.jelinkry.semestralka.SemestralkaApplicationTests" time="2.278"/>
  <system-out><![CDATA[12:45:52.054 [Test worker] INFO org.springframework.test.context.support.AnnotationConfigContextLoaderUtils -- Could not detect default configuration classes for test class [cz.cvut.fit.jelinkry.semestralka.SemestralkaApplicationTests]: SemestralkaApplicationTests does not declare any static, non-private, non-final, nested classes annotated with @Configuration.
12:45:52.823 [Test worker] INFO org.springframework.boot.test.context.SpringBootTestContextBootstrapper -- Found @SpringBootConfiguration cz.cvut.fit.SemestralkaApplication for test class cz.cvut.fit.jelinkry.semestralka.SemestralkaApplicationTests

  .   ____          _            __ _ _
 /\\ / ___'_ __ _ _(_)_ __  __ _ \ \ \ \
( ( )\___ | '_ | '_| | '_ \/ _` | \ \ \ \
 \\/  ___)| |_)| | | | | || (_| |  ) ) ) )
  '  |____| .__|_| |_|_| |_\__, | / / / /
 =========|_|==============|___/=/_/_/_/
 :: Spring Boot ::                (v3.1.7)

2023-12-30T12:45:55.317+01:00  INFO 28696 --- [    Test worker] c.c.f.j.s.SemestralkaApplicationTests    : Starting SemestralkaApplicationTests using Java 17.0.7 with PID 28696 (started by krystof in /home/krystof/tjv_semestralka)
2023-12-30T12:45:55.330+01:00  INFO 28696 --- [    Test worker] c.c.f.j.s.SemestralkaApplicationTests    : No active profile set, falling back to 1 default profile: "default"
2023-12-30T12:46:00.145+01:00  INFO 28696 --- [    Test worker] .s.d.r.c.RepositoryConfigurationDelegate : Bootstrapping Spring Data JPA repositories in DEFAULT mode.
2023-12-30T12:46:00.595+01:00  INFO 28696 --- [    Test worker] .s.d.r.c.RepositoryConfigurationDelegate : Finished Spring Data repository scanning in 393 ms. Found 3 JPA repository interfaces.
2023-12-30T12:46:05.448+01:00  INFO 28696 --- [    Test worker] o.s.o.j.p.SpringPersistenceUnitInfo      : No LoadTimeWeaver setup: ignoring JPA class transformer
2023-12-30T12:46:05.514+01:00  INFO 28696 --- [    Test worker] com.zaxxer.hikari.HikariDataSource       : HikariPool-1 - Starting...
2023-12-30T12:46:07.191+01:00  INFO 28696 --- [    Test worker] com.zaxxer.hikari.pool.HikariPool        : HikariPool-1 - Added connection org.postgresql.jdbc.PgConnection@6ace919c
2023-12-30T12:46:07.207+01:00  INFO 28696 --- [    Test worker] com.zaxxer.hikari.HikariDataSource       : HikariPool-1 - Start completed.
2023-12-30T12:46:12.870+01:00  INFO 28696 --- [    Test worker] j.LocalContainerEntityManagerFactoryBean : Initialized JPA EntityManagerFactory for persistence unit 'default'
2023-12-30T12:46:14.772+01:00  INFO 28696 --- [    Test worker] o.s.d.j.r.query.QueryEnhancerFactory     : Hibernate is in classpath; If applicable, HQL parser will be used.
2023-12-30T12:46:21.239+01:00  INFO 28696 --- [    Test worker] c.c.f.j.s.SemestralkaApplicationTests    : Started SemestralkaApplicationTests in 27.563 seconds (process running for 34.367)
]]></system-out>
  <system-err><![CDATA[]]></system-err>
</testsuite>
