<?xml version="1.0" encoding="UTF-8"?>
<testsuite name="cz.cvut.fit.jelinkry.semestralka.ServiceTests.EmployeeOrderRelationServiceTest" tests="4" skipped="0" failures="0" errors="0" timestamp="2023-12-29T20:47:11" hostname="DESKTOP-OJPVQMS" time="0.222">
  <properties/>
  <testcase name="addOrderToEmployeeSuccess()" classname="cz.cvut.fit.jelinkry.semestralka.ServiceTests.EmployeeOrderRelationServiceTest" time="0.012"/>
  <testcase name="addOrderToEmployeeInvalidOrderIdAndEmployeeIdThrowsException()" classname="cz.cvut.fit.jelinkry.semestralka.ServiceTests.EmployeeOrderRelationServiceTest" time="0.194"/>
  <testcase name="addOrderToEmployeeInvalidEmployeeIdThrowsException()" classname="cz.cvut.fit.jelinkry.semestralka.ServiceTests.EmployeeOrderRelationServiceTest" time="0.005"/>
  <testcase name="addOrderToEmployeeInvalidOrderIdThrowsException()" classname="cz.cvut.fit.jelinkry.semestralka.ServiceTests.EmployeeOrderRelationServiceTest" time="0.006"/>
  <system-out><![CDATA[2023-12-29T21:47:07.559+01:00  INFO 234522 --- [    Test worker] t.c.s.AnnotationConfigContextLoaderUtils : Could not detect default configuration classes for test class [cz.cvut.fit.jelinkry.semestralka.ServiceTests.EmployeeOrderRelationServiceTest]: EmployeeOrderRelationServiceTest does not declare any static, non-private, non-final, nested classes annotated with @Configuration.
2023-12-29T21:47:07.569+01:00  INFO 234522 --- [    Test worker] .b.t.c.SpringBootTestContextBootstrapper : Found @SpringBootConfiguration cz.cvut.fit.SemestralkaApplication for test class cz.cvut.fit.jelinkry.semestralka.ServiceTests.EmployeeOrderRelationServiceTest

  .   ____          _            __ _ _
 /\\ / ___'_ __ _ _(_)_ __  __ _ \ \ \ \
( ( )\___ | '_ | '_| | '_ \/ _` | \ \ \ \
 \\/  ___)| |_)| | | | | || (_| |  ) ) ) )
  '  |____| .__|_| |_|_| |_\__, | / / / /
 =========|_|==============|___/=/_/_/_/
 :: Spring Boot ::                (v3.1.7)

2023-12-29T21:47:07.595+01:00  INFO 234522 --- [    Test worker] f.j.s.S.EmployeeOrderRelationServiceTest : Starting EmployeeOrderRelationServiceTest using Java 19.0.2 with PID 234522 (started by krystof in /home/krystof/tjv_semestralka)
2023-12-29T21:47:07.595+01:00  INFO 234522 --- [    Test worker] f.j.s.S.EmployeeOrderRelationServiceTest : No active profile set, falling back to 1 default profile: "default"
2023-12-29T21:47:07.801+01:00  INFO 234522 --- [    Test worker] .s.d.r.c.RepositoryConfigurationDelegate : Bootstrapping Spring Data JPA repositories in DEFAULT mode.
2023-12-29T21:47:07.810+01:00  INFO 234522 --- [    Test worker] .s.d.r.c.RepositoryConfigurationDelegate : Finished Spring Data repository scanning in 8 ms. Found 3 JPA repository interfaces.
2023-12-29T21:47:08.103+01:00  INFO 234522 --- [    Test worker] o.s.o.j.p.SpringPersistenceUnitInfo      : No LoadTimeWeaver setup: ignoring JPA class transformer
2023-12-29T21:47:08.104+01:00  INFO 234522 --- [    Test worker] com.zaxxer.hikari.HikariDataSource       : HikariPool-2 - Starting...
2023-12-29T21:47:08.497+01:00  INFO 234522 --- [    Test worker] com.zaxxer.hikari.pool.HikariPool        : HikariPool-2 - Added connection org.postgresql.jdbc.PgConnection@7261773c
2023-12-29T21:47:08.497+01:00  INFO 234522 --- [    Test worker] com.zaxxer.hikari.HikariDataSource       : HikariPool-2 - Start completed.
2023-12-29T21:47:09.491+01:00  INFO 234522 --- [    Test worker] j.LocalContainerEntityManagerFactoryBean : Initialized JPA EntityManagerFactory for persistence unit 'default'
2023-12-29T21:47:11.984+01:00  INFO 234522 --- [    Test worker] f.j.s.S.EmployeeOrderRelationServiceTest : Started EmployeeOrderRelationServiceTest in 4.411 seconds (process running for 15.29)
]]></system-out>
  <system-err><![CDATA[]]></system-err>
</testsuite>
