<?xml version="1.0" encoding="UTF-8"?>
<testsuite name="cz.cvut.fit.jelinkry.semestralka.SemestralkaApplicationTests" tests="1" skipped="0" failures="0" errors="0" timestamp="2023-12-28T14:59:39" hostname="DESKTOP-OJPVQMS" time="1.2">
  <properties/>
  <testcase name="contextLoads()" classname="cz.cvut.fit.jelinkry.semestralka.SemestralkaApplicationTests" time="1.2"/>
  <system-out><![CDATA[15:59:31.352 [Test worker] INFO org.springframework.test.context.support.AnnotationConfigContextLoaderUtils -- Could not detect default configuration classes for test class [cz.cvut.fit.jelinkry.semestralka.SemestralkaApplicationTests]: SemestralkaApplicationTests does not declare any static, non-private, non-final, nested classes annotated with @Configuration.
15:59:31.484 [Test worker] INFO org.springframework.boot.test.context.SpringBootTestContextBootstrapper -- Found @SpringBootConfiguration cz.cvut.fit.SemestralkaApplication for test class cz.cvut.fit.jelinkry.semestralka.SemestralkaApplicationTests

  .   ____          _            __ _ _
 /\\ / ___'_ __ _ _(_)_ __  __ _ \ \ \ \
( ( )\___ | '_ | '_| | '_ \/ _` | \ \ \ \
 \\/  ___)| |_)| | | | | || (_| |  ) ) ) )
  '  |____| .__|_| |_|_| |_\__, | / / / /
 =========|_|==============|___/=/_/_/_/
 :: Spring Boot ::                (v3.1.7)

2023-12-28T15:59:32.218+01:00  INFO 122700 --- [    Test worker] c.c.f.j.s.SemestralkaApplicationTests    : Starting SemestralkaApplicationTests using Java 19.0.2 with PID 122700 (started by krystof in /home/krystof/tjv_semestralka)
2023-12-28T15:59:32.220+01:00  INFO 122700 --- [    Test worker] c.c.f.j.s.SemestralkaApplicationTests    : No active profile set, falling back to 1 default profile: "default"
2023-12-28T15:59:33.557+01:00  INFO 122700 --- [    Test worker] .s.d.r.c.RepositoryConfigurationDelegate : Bootstrapping Spring Data JPA repositories in DEFAULT mode.
2023-12-28T15:59:33.647+01:00  INFO 122700 --- [    Test worker] .s.d.r.c.RepositoryConfigurationDelegate : Finished Spring Data repository scanning in 81 ms. Found 3 JPA repository interfaces.
2023-12-28T15:59:34.018+01:00  INFO 122700 --- [    Test worker] trationDelegate$BeanPostProcessorChecker : Bean 'org.springframework.ws.config.annotation.DelegatingWsConfiguration' of type [org.springframework.ws.config.annotation.DelegatingWsConfiguration$$SpringCGLIB$$0] is not eligible for getting processed by all BeanPostProcessors (for example: not eligible for auto-proxying)
2023-12-28T15:59:34.065+01:00  INFO 122700 --- [    Test worker] .w.s.a.s.AnnotationActionEndpointMapping : Supporting [WS-Addressing August 2004, WS-Addressing 1.0]
2023-12-28T15:59:34.821+01:00  INFO 122700 --- [    Test worker] o.s.o.j.p.SpringPersistenceUnitInfo      : No LoadTimeWeaver setup: ignoring JPA class transformer
2023-12-28T15:59:34.864+01:00  INFO 122700 --- [    Test worker] com.zaxxer.hikari.HikariDataSource       : HikariPool-1 - Starting...
2023-12-28T15:59:35.610+01:00  INFO 122700 --- [    Test worker] com.zaxxer.hikari.pool.HikariPool        : HikariPool-1 - Added connection org.postgresql.jdbc.PgConnection@7858d31d
2023-12-28T15:59:35.613+01:00  INFO 122700 --- [    Test worker] com.zaxxer.hikari.HikariDataSource       : HikariPool-1 - Start completed.
2023-12-28T15:59:37.320+01:00  INFO 122700 --- [    Test worker] j.LocalContainerEntityManagerFactoryBean : Initialized JPA EntityManagerFactory for persistence unit 'default'
2023-12-28T15:59:37.760+01:00  INFO 122700 --- [    Test worker] o.s.d.j.r.query.QueryEnhancerFactory     : Hibernate is in classpath; If applicable, HQL parser will be used.
2023-12-28T15:59:39.479+01:00  INFO 122700 --- [    Test worker] c.c.f.j.s.SemestralkaApplicationTests    : Started SemestralkaApplicationTests in 7.646 seconds (process running for 9.48)
]]></system-out>
  <system-err><![CDATA[]]></system-err>
</testsuite>
