<?xml version="1.0" encoding="UTF-8"?>
<testsuite name="cz.cvut.fit.jelinkry.semestralka.ControllerTests.EmployeeControllerTest" tests="2" skipped="0" failures="0" errors="0" timestamp="2023-12-28T14:59:41" hostname="DESKTOP-OJPVQMS" time="0.444">
  <properties/>
  <testcase name="deleteEmployeeTestFailed()" classname="cz.cvut.fit.jelinkry.semestralka.ControllerTests.EmployeeControllerTest" time="0.207"/>
  <testcase name="createEmployeeTest()" classname="cz.cvut.fit.jelinkry.semestralka.ControllerTests.EmployeeControllerTest" time="0.226"/>
  <system-out><![CDATA[2023-12-28T15:59:40.725+01:00  INFO 122700 --- [    Test worker] t.c.s.AnnotationConfigContextLoaderUtils : Could not detect default configuration classes for test class [cz.cvut.fit.jelinkry.semestralka.ControllerTests.EmployeeControllerTest]: EmployeeControllerTest does not declare any static, non-private, non-final, nested classes annotated with @Configuration.
2023-12-28T15:59:40.763+01:00  INFO 122700 --- [    Test worker] .b.t.c.SpringBootTestContextBootstrapper : Found @SpringBootConfiguration cz.cvut.fit.SemestralkaApplication for test class cz.cvut.fit.jelinkry.semestralka.ControllerTests.EmployeeControllerTest

  .   ____          _            __ _ _
 /\\ / ___'_ __ _ _(_)_ __  __ _ \ \ \ \
( ( )\___ | '_ | '_| | '_ \/ _` | \ \ \ \
 \\/  ___)| |_)| | | | | || (_| |  ) ) ) )
  '  |____| .__|_| |_|_| |_\__, | / / / /
 =========|_|==============|___/=/_/_/_/
 :: Spring Boot ::                (v3.1.7)

2023-12-28T15:59:40.814+01:00  INFO 122700 --- [    Test worker] c.c.f.j.s.C.EmployeeControllerTest       : Starting EmployeeControllerTest using Java 19.0.2 with PID 122700 (started by krystof in /home/krystof/tjv_semestralka)
2023-12-28T15:59:40.815+01:00  INFO 122700 --- [    Test worker] c.c.f.j.s.C.EmployeeControllerTest       : No active profile set, falling back to 1 default profile: "default"
2023-12-28T15:59:41.868+01:00  INFO 122700 --- [    Test worker] o.s.b.t.m.w.SpringBootMockServletContext : Initializing Spring TestDispatcherServlet ''
2023-12-28T15:59:41.869+01:00  INFO 122700 --- [    Test worker] o.s.t.web.servlet.TestDispatcherServlet  : Initializing Servlet ''
2023-12-28T15:59:41.876+01:00  INFO 122700 --- [    Test worker] o.s.t.web.servlet.TestDispatcherServlet  : Completed initialization in 3 ms
2023-12-28T15:59:41.902+01:00  INFO 122700 --- [    Test worker] c.c.f.j.s.C.EmployeeControllerTest       : Started EmployeeControllerTest in 1.132 seconds (process running for 11.903)
]]></system-out>
  <system-err><![CDATA[]]></system-err>
</testsuite>
