<?xml version="1.0" encoding="UTF-8"?>
<testsuite name="cz.cvut.fit.jelinkry.semestralka.ServiceTests.EmployeeOrderRelationServiceTest" tests="4" skipped="0" failures="0" errors="0" timestamp="2023-12-30T11:46:41" hostname="debian-dell" time="0.221">
  <properties/>
  <testcase name="addOrderToEmployeeSuccess()" classname="cz.cvut.fit.jelinkry.semestralka.ServiceTests.EmployeeOrderRelationServiceTest" time="0.106"/>
  <testcase name="addOrderToEmployeeInvalidOrderIdAndEmployeeIdThrowsException()" classname="cz.cvut.fit.jelinkry.semestralka.ServiceTests.EmployeeOrderRelationServiceTest" time="0.037"/>
  <testcase name="addOrderToEmployeeInvalidEmployeeIdThrowsException()" classname="cz.cvut.fit.jelinkry.semestralka.ServiceTests.EmployeeOrderRelationServiceTest" time="0.013"/>
  <testcase name="addOrderToEmployeeInvalidOrderIdThrowsException()" classname="cz.cvut.fit.jelinkry.semestralka.ServiceTests.EmployeeOrderRelationServiceTest" time="0.033"/>
  <system-out><![CDATA[2023-12-30T12:46:35.912+01:00  INFO 28696 --- [    Test worker] t.c.s.AnnotationConfigContextLoaderUtils : Could not detect default configuration classes for test class [cz.cvut.fit.jelinkry.semestralka.ServiceTests.EmployeeOrderRelationServiceTest]: EmployeeOrderRelationServiceTest does not declare any static, non-private, non-final, nested classes annotated with @Configuration.
2023-12-30T12:46:36.012+01:00  INFO 28696 --- [    Test worker] .b.t.c.SpringBootTestContextBootstrapper : Found @SpringBootConfiguration cz.cvut.fit.SemestralkaApplication for test class cz.cvut.fit.jelinkry.semestralka.ServiceTests.EmployeeOrderRelationServiceTest

  .   ____          _            __ _ _
 /\\ / ___'_ __ _ _(_)_ __  __ _ \ \ \ \
( ( )\___ | '_ | '_| | '_ \/ _` | \ \ \ \
 \\/  ___)| |_)| | | | | || (_| |  ) ) ) )
  '  |____| .__|_| |_|_| |_\__, | / / / /
 =========|_|==============|___/=/_/_/_/
 :: Spring Boot ::                (v3.1.7)

2023-12-30T12:46:36.247+01:00  INFO 28696 --- [    Test worker] f.j.s.S.EmployeeOrderRelationServiceTest : Starting EmployeeOrderRelationServiceTest using Java 17.0.7 with PID 28696 (started by krystof in /home/krystof/tjv_semestralka)
2023-12-30T12:46:36.247+01:00  INFO 28696 --- [    Test worker] f.j.s.S.EmployeeOrderRelationServiceTest : No active profile set, falling back to 1 default profile: "default"
2023-12-30T12:46:37.544+01:00  INFO 28696 --- [    Test worker] .s.d.r.c.RepositoryConfigurationDelegate : Bootstrapping Spring Data JPA repositories in DEFAULT mode.
2023-12-30T12:46:37.602+01:00  INFO 28696 --- [    Test worker] .s.d.r.c.RepositoryConfigurationDelegate : Finished Spring Data repository scanning in 57 ms. Found 3 JPA repository interfaces.
2023-12-30T12:46:38.923+01:00  INFO 28696 --- [    Test worker] o.s.o.j.p.SpringPersistenceUnitInfo      : No LoadTimeWeaver setup: ignoring JPA class transformer
2023-12-30T12:46:38.949+01:00  INFO 28696 --- [    Test worker] com.zaxxer.hikari.HikariDataSource       : HikariPool-2 - Starting...
2023-12-30T12:46:39.522+01:00  INFO 28696 --- [    Test worker] com.zaxxer.hikari.pool.HikariPool        : HikariPool-2 - Added connection org.postgresql.jdbc.PgConnection@8814bb5
2023-12-30T12:46:39.523+01:00  INFO 28696 --- [    Test worker] com.zaxxer.hikari.HikariDataSource       : HikariPool-2 - Start completed.
2023-12-30T12:46:40.421+01:00  INFO 28696 --- [    Test worker] j.LocalContainerEntityManagerFactoryBean : Initialized JPA EntityManagerFactory for persistence unit 'default'
2023-12-30T12:46:41.958+01:00  INFO 28696 --- [    Test worker] f.j.s.S.EmployeeOrderRelationServiceTest : Started EmployeeOrderRelationServiceTest in 5.913 seconds (process running for 55.086)
]]></system-out>
  <system-err><![CDATA[]]></system-err>
</testsuite>
