<?xml version="1.0" encoding="UTF-8"?>
<testsuite name="cz.cvut.fit.jelinkry.semestralka.ServiceTests.EmployeeOrderRelationServiceTest" tests="4" skipped="0" failures="0" errors="0" timestamp="2023-12-28T14:59:46" hostname="DESKTOP-OJPVQMS" time="0.063">
  <properties/>
  <testcase name="addOrderToEmployeeSuccess()" classname="cz.cvut.fit.jelinkry.semestralka.ServiceTests.EmployeeOrderRelationServiceTest" time="0.026"/>
  <testcase name="addOrderToEmployeeInvalidOrderIdAndEmployeeIdThrowsException()" classname="cz.cvut.fit.jelinkry.semestralka.ServiceTests.EmployeeOrderRelationServiceTest" time="0.013"/>
  <testcase name="addOrderToEmployeeInvalidEmployeeIdThrowsException()" classname="cz.cvut.fit.jelinkry.semestralka.ServiceTests.EmployeeOrderRelationServiceTest" time="0.008"/>
  <testcase name="addOrderToEmployeeInvalidOrderIdThrowsException()" classname="cz.cvut.fit.jelinkry.semestralka.ServiceTests.EmployeeOrderRelationServiceTest" time="0.009"/>
  <system-out><![CDATA[2023-12-28T15:59:44.279+01:00  INFO 122700 --- [    Test worker] t.c.s.AnnotationConfigContextLoaderUtils : Could not detect default configuration classes for test class [cz.cvut.fit.jelinkry.semestralka.ServiceTests.EmployeeOrderRelationServiceTest]: EmployeeOrderRelationServiceTest does not declare any static, non-private, non-final, nested classes annotated with @Configuration.
2023-12-28T15:59:44.298+01:00  INFO 122700 --- [    Test worker] .b.t.c.SpringBootTestContextBootstrapper : Found @SpringBootConfiguration cz.cvut.fit.SemestralkaApplication for test class cz.cvut.fit.jelinkry.semestralka.ServiceTests.EmployeeOrderRelationServiceTest

  .   ____          _            __ _ _
 /\\ / ___'_ __ _ _(_)_ __  __ _ \ \ \ \
( ( )\___ | '_ | '_| | '_ \/ _` | \ \ \ \
 \\/  ___)| |_)| | | | | || (_| |  ) ) ) )
  '  |____| .__|_| |_|_| |_\__, | / / / /
 =========|_|==============|___/=/_/_/_/
 :: Spring Boot ::                (v3.1.7)

2023-12-28T15:59:44.359+01:00  INFO 122700 --- [    Test worker] f.j.s.S.EmployeeOrderRelationServiceTest : Starting EmployeeOrderRelationServiceTest using Java 19.0.2 with PID 122700 (started by krystof in /home/krystof/tjv_semestralka)
2023-12-28T15:59:44.359+01:00  INFO 122700 --- [    Test worker] f.j.s.S.EmployeeOrderRelationServiceTest : No active profile set, falling back to 1 default profile: "default"
2023-12-28T15:59:44.682+01:00  INFO 122700 --- [    Test worker] .s.d.r.c.RepositoryConfigurationDelegate : Bootstrapping Spring Data JPA repositories in DEFAULT mode.
2023-12-28T15:59:44.699+01:00  INFO 122700 --- [    Test worker] .s.d.r.c.RepositoryConfigurationDelegate : Finished Spring Data repository scanning in 16 ms. Found 3 JPA repository interfaces.
2023-12-28T15:59:44.991+01:00  INFO 122700 --- [    Test worker] trationDelegate$BeanPostProcessorChecker : Bean 'org.springframework.ws.config.annotation.DelegatingWsConfiguration' of type [org.springframework.ws.config.annotation.DelegatingWsConfiguration$$SpringCGLIB$$0] is not eligible for getting processed by all BeanPostProcessors (for example: not eligible for auto-proxying)
2023-12-28T15:59:45.001+01:00  INFO 122700 --- [    Test worker] .w.s.a.s.AnnotationActionEndpointMapping : Supporting [WS-Addressing August 2004, WS-Addressing 1.0]
2023-12-28T15:59:45.190+01:00  INFO 122700 --- [    Test worker] o.s.o.j.p.SpringPersistenceUnitInfo      : No LoadTimeWeaver setup: ignoring JPA class transformer
2023-12-28T15:59:45.192+01:00  INFO 122700 --- [    Test worker] com.zaxxer.hikari.HikariDataSource       : HikariPool-2 - Starting...
2023-12-28T15:59:45.496+01:00  INFO 122700 --- [    Test worker] com.zaxxer.hikari.pool.HikariPool        : HikariPool-2 - Added connection org.postgresql.jdbc.PgConnection@26781ebb
2023-12-28T15:59:45.497+01:00  INFO 122700 --- [    Test worker] com.zaxxer.hikari.HikariDataSource       : HikariPool-2 - Start completed.
2023-12-28T15:59:46.129+01:00  INFO 122700 --- [    Test worker] j.LocalContainerEntityManagerFactoryBean : Initialized JPA EntityManagerFactory for persistence unit 'default'
2023-12-28T15:59:46.597+01:00  INFO 122700 --- [    Test worker] f.j.s.S.EmployeeOrderRelationServiceTest : Started EmployeeOrderRelationServiceTest in 2.288 seconds (process running for 16.598)
]]></system-out>
  <system-err><![CDATA[]]></system-err>
</testsuite>
