<?xml version="1.0" encoding="UTF-8"?>
<testsuite name="cz.cvut.fit.jelinkry.semestralka.ControllerTests.EmployeeControllerTest" tests="2" skipped="0" failures="0" errors="0" timestamp="2023-12-30T11:46:27" hostname="debian-dell" time="1.772">
  <properties/>
  <testcase name="deleteEmployeeTestFailed()" classname="cz.cvut.fit.jelinkry.semestralka.ControllerTests.EmployeeControllerTest" time="0.924"/>
  <testcase name="createEmployeeTest()" classname="cz.cvut.fit.jelinkry.semestralka.ControllerTests.EmployeeControllerTest" time="0.817"/>
  <system-out><![CDATA[2023-12-30T12:46:23.675+01:00  INFO 28696 --- [    Test worker] t.c.s.AnnotationConfigContextLoaderUtils : Could not detect default configuration classes for test class [cz.cvut.fit.jelinkry.semestralka.ControllerTests.EmployeeControllerTest]: EmployeeControllerTest does not declare any static, non-private, non-final, nested classes annotated with @Configuration.
2023-12-30T12:46:23.869+01:00  INFO 28696 --- [    Test worker] .b.t.c.SpringBootTestContextBootstrapper : Found @SpringBootConfiguration cz.cvut.fit.SemestralkaApplication for test class cz.cvut.fit.jelinkry.semestralka.ControllerTests.EmployeeControllerTest

  .   ____          _            __ _ _
 /\\ / ___'_ __ _ _(_)_ __  __ _ \ \ \ \
( ( )\___ | '_ | '_| | '_ \/ _` | \ \ \ \
 \\/  ___)| |_)| | | | | || (_| |  ) ) ) )
  '  |____| .__|_| |_|_| |_\__, | / / / /
 =========|_|==============|___/=/_/_/_/
 :: Spring Boot ::                (v3.1.7)

2023-12-30T12:46:24.057+01:00  INFO 28696 --- [    Test worker] c.c.f.j.s.C.EmployeeControllerTest       : Starting EmployeeControllerTest using Java 17.0.7 with PID 28696 (started by krystof in /home/krystof/tjv_semestralka)
2023-12-30T12:46:24.057+01:00  INFO 28696 --- [    Test worker] c.c.f.j.s.C.EmployeeControllerTest       : No active profile set, falling back to 1 default profile: "default"
2023-12-30T12:46:27.674+01:00  INFO 28696 --- [    Test worker] o.s.b.t.m.w.SpringBootMockServletContext : Initializing Spring TestDispatcherServlet ''
2023-12-30T12:46:27.675+01:00  INFO 28696 --- [    Test worker] o.s.t.web.servlet.TestDispatcherServlet  : Initializing Servlet ''
2023-12-30T12:46:27.704+01:00  INFO 28696 --- [    Test worker] o.s.t.web.servlet.TestDispatcherServlet  : Completed initialization in 2 ms
2023-12-30T12:46:27.771+01:00  INFO 28696 --- [    Test worker] c.c.f.j.s.C.EmployeeControllerTest       : Started EmployeeControllerTest in 3.877 seconds (process running for 40.899)
]]></system-out>
  <system-err><![CDATA[]]></system-err>
</testsuite>
