<?xml version="1.0" encoding="UTF-8"?>
<testsuite name="cz.cvut.fit.jelinkry.semestralka.ControllerTests.EmployeeControllerTest" tests="2" skipped="0" failures="0" errors="0" timestamp="2023-12-29T20:47:05" hostname="DESKTOP-OJPVQMS" time="0.267">
  <properties/>
  <testcase name="deleteEmployeeTestFailed()" classname="cz.cvut.fit.jelinkry.semestralka.ControllerTests.EmployeeControllerTest" time="0.124"/>
  <testcase name="createEmployeeTest()" classname="cz.cvut.fit.jelinkry.semestralka.ControllerTests.EmployeeControllerTest" time="0.14"/>
  <system-out><![CDATA[2023-12-29T21:47:05.061+01:00  INFO 234522 --- [    Test worker] t.c.s.AnnotationConfigContextLoaderUtils : Could not detect default configuration classes for test class [cz.cvut.fit.jelinkry.semestralka.ControllerTests.EmployeeControllerTest]: EmployeeControllerTest does not declare any static, non-private, non-final, nested classes annotated with @Configuration.
2023-12-29T21:47:05.107+01:00  INFO 234522 --- [    Test worker] .b.t.c.SpringBootTestContextBootstrapper : Found @SpringBootConfiguration cz.cvut.fit.SemestralkaApplication for test class cz.cvut.fit.jelinkry.semestralka.ControllerTests.EmployeeControllerTest

  .   ____          _            __ _ _
 /\\ / ___'_ __ _ _(_)_ __  __ _ \ \ \ \
( ( )\___ | '_ | '_| | '_ \/ _` | \ \ \ \
 \\/  ___)| |_)| | | | | || (_| |  ) ) ) )
  '  |____| .__|_| |_|_| |_\__, | / / / /
 =========|_|==============|___/=/_/_/_/
 :: Spring Boot ::                (v3.1.7)

2023-12-29T21:47:05.139+01:00  INFO 234522 --- [    Test worker] c.c.f.j.s.C.EmployeeControllerTest       : Starting EmployeeControllerTest using Java 19.0.2 with PID 234522 (started by krystof in /home/krystof/tjv_semestralka)
2023-12-29T21:47:05.139+01:00  INFO 234522 --- [    Test worker] c.c.f.j.s.C.EmployeeControllerTest       : No active profile set, falling back to 1 default profile: "default"
2023-12-29T21:47:05.747+01:00  INFO 234522 --- [    Test worker] o.s.b.t.m.w.SpringBootMockServletContext : Initializing Spring TestDispatcherServlet ''
2023-12-29T21:47:05.748+01:00  INFO 234522 --- [    Test worker] o.s.t.web.servlet.TestDispatcherServlet  : Initializing Servlet ''
2023-12-29T21:47:05.752+01:00  INFO 234522 --- [    Test worker] o.s.t.web.servlet.TestDispatcherServlet  : Completed initialization in 2 ms
2023-12-29T21:47:05.763+01:00  INFO 234522 --- [    Test worker] c.c.f.j.s.C.EmployeeControllerTest       : Started EmployeeControllerTest in 0.651 seconds (process running for 9.069)
]]></system-out>
  <system-err><![CDATA[]]></system-err>
</testsuite>
